<?xml version="1.0" encoding="UTF-8"?>
<!-- Generated by org.testng.reporters.JUnitXMLReporter -->
<testsuite ignored="1" hostname="LAPTOP-7AIFL2R7" failures="0" tests="1" name="MLWallet" time="26.696" errors="0" timestamp="2023-02-08T14:52:04 IST">
  <testcase classname="com.mlwallet.regression.MLWalletRegressionScripts" name="mlWalletLoginScenario" time="13.027"/>
  <testcase classname="com.mlwallet.regression.MLWalletRegressionScripts" name="mlWalletLoginScenario1" time="0.0">
    <ignored/>
  </testcase> <!-- mlWalletLoginScenario1 -->
</testsuite> <!-- MLWallet -->
