<?xml version="1.0" encoding="UTF-8"?>
<testng-results ignored="2" total="4" passed="2" failed="0" skipped="0">
  <reporter-output>
  </reporter-output>
  <suite started-at="2023-02-08T14:51:37 IST" name="Android" finished-at="2023-02-08T14:52:09 IST" duration-ms="31803">
    <groups>
    </groups>
    <test started-at="2023-02-08T14:51:37 IST" name="MLWallet" finished-at="2023-02-08T14:52:04 IST" duration-ms="26696">
      <class name="com.mlwallet.regression.MLWalletRegressionScripts">
        <test-method is-config="true" signature="beforemethodcode(java.lang.String, java.lang.String)[pri:0, instance:com.mlwallet.regression.MLWalletRegressionScripts@44e3760b]" started-at="2023-02-08T14:51:37 IST" name="beforemethodcode" finished-at="2023-02-08T14:51:49 IST" duration-ms="12099" status="PASS">
          <params>
            <param index="0">
              <value>
                <![CDATA[RZ8RA19TWCL]]>
              </value>
            </param>
            <param index="1">
              <value>
                <![CDATA[4723]]>
              </value>
            </param>
          </params>
          <reporter-output>
          </reporter-output>
        </test-method> <!-- beforemethodcode -->
        <test-method signature="mlWalletLoginScenario()[pri:0, instance:com.mlwallet.regression.MLWalletRegressionScripts@44e3760b]" started-at="2023-02-08T14:51:49 IST" name="mlWalletLoginScenario" finished-at="2023-02-08T14:52:02 IST" duration-ms="13027" status="PASS">
          <reporter-output>
          </reporter-output>
        </test-method> <!-- mlWalletLoginScenario -->
      </class> <!-- com.mlwallet.regression.MLWalletRegressionScripts -->
    </test> <!-- MLWallet -->
    <test started-at="2023-02-08T14:51:37 IST" name="MLWallet1" finished-at="2023-02-08T14:52:09 IST" duration-ms="31803">
      <class name="com.mlwallet.regression.MLWalletRegressionScripts">
        <test-method is-config="true" signature="beforemethodcode(java.lang.String, java.lang.String)[pri:0, instance:com.mlwallet.regression.MLWalletRegressionScripts@5be067de]" started-at="2023-02-08T14:51:37 IST" name="beforemethodcode" finished-at="2023-02-08T14:51:49 IST" duration-ms="11967" status="PASS">
          <params>
            <param index="0">
              <value>
                <![CDATA[4TWOGQCM6589MBZD]]>
              </value>
            </param>
            <param index="1">
              <value>
                <![CDATA[4729]]>
              </value>
            </param>
          </params>
          <reporter-output>
          </reporter-output>
        </test-method> <!-- beforemethodcode -->
        <test-method signature="mlWalletLoginScenario1()[pri:0, instance:com.mlwallet.regression.MLWalletRegressionScripts@5be067de]" started-at="2023-02-08T14:51:49 IST" name="mlWalletLoginScenario1" finished-at="2023-02-08T14:52:08 IST" duration-ms="18461" status="PASS">
          <reporter-output>
          </reporter-output>
        </test-method> <!-- mlWalletLoginScenario1 -->
      </class> <!-- com.mlwallet.regression.MLWalletRegressionScripts -->
    </test> <!-- MLWallet1 -->
  </suite> <!-- Android -->
</testng-results>
